c:\users\pups\source\repos\ksr\ksr\x64\debug\vc143.pdb
c:\users\pups\source\repos\ksr\ksr\x64\debug\.netframework,version=v4.8.assemblyattributes.obj
c:\users\pups\source\repos\ksr\ksr\x64\debug\task.obj
c:\users\pups\source\repos\ksr\ksr\x64\debug\result.obj
c:\users\pups\source\repos\ksr\ksr\x64\debug\myform.obj
c:\users\pups\source\repos\ksr\x64\debug\ksr.exe
c:\users\pups\source\repos\ksr\ksr\x64\debug\ksr.vcxproj.assemblyreference.cache
c:\users\pups\source\repos\ksr\ksr\x64\debug\ksr.vcxproj.generateresource.cache
c:\users\pups\source\repos\ksr\ksr\x64\debug\ksr.myform.resources
c:\users\pups\source\repos\ksr\ksr\x64\debug\ksr.result.resources
c:\users\pups\source\repos\ksr\ksr\x64\debug\ksr.task.resources
c:\users\pups\source\repos\ksr\x64\debug\ksr.pdb
c:\users\pups\source\repos\ksr\ksr\x64\debug\ksr.tlog\cl.command.1.tlog
c:\users\pups\source\repos\ksr\ksr\x64\debug\ksr.tlog\cl.read.1.tlog
c:\users\pups\source\repos\ksr\ksr\x64\debug\ksr.tlog\cl.write.1.tlog
c:\users\pups\source\repos\ksr\ksr\x64\debug\ksr.tlog\link.command.1.tlog
c:\users\pups\source\repos\ksr\ksr\x64\debug\ksr.tlog\link.read.1.tlog
c:\users\pups\source\repos\ksr\ksr\x64\debug\ksr.tlog\link.write.1.tlog
c:\users\pups\source\repos\ksr\ksr\x64\debug\ksr.tlog\metagen.read.1.tlog
c:\users\pups\source\repos\ksr\ksr\x64\debug\ksr.tlog\metagen.write.1.tlog
c:\users\pups\source\repos\ksr\ksr\x64\debug\ksr.tlog\resgen.command.1.tlog
c:\users\pups\source\repos\ksr\ksr\x64\debug\ksr.tlog\resgen.read.1.tlog
c:\users\pups\source\repos\ksr\ksr\x64\debug\ksr.tlog\resgen.write.1.tlog
